2022-05-11T20:12:44.152Z GET /API/users/ps0TDbywDlfhYiqOxTt0QjVBLlq1 404 250 - 12.370 ms
2022-05-11T20:13:22.902Z GET /API/users/ps0TDbywDlfhyNqOxTt0QjVBLlq1 404 250 - 3.122 ms
2022-05-11T20:14:22.355Z GET /API/users/ps0TDbywDlfhYqqOxTt0QjVBLlq1 500 250 - 2.801 ms
2022-05-11T21:36:10.871Z GET /API/quizzes/join 404 250 - 4.362 ms
2022-05-11T20:12:44.152Z POST /API/users/ps0TDbywDlfhYNqOxTt0QjVBLlq1 440 250 - 11.788 ms
2022-05-11T20:13:22.902Z GET /API/users/ps0TDby4DlfhYNqOxTt0QjVBLlq1 404 250 - 3.544 ms
2022-05-11T20:14:22.351Z POST /API/users/ps0TDbt4wDlfhYNqOxTt0QjVBLlq1 404 250 - 2.801 ms
2022-05-11T21:36:10.871Z GET /API/quizzes/join 400 250 - 4.236 ms
2022-05-11T20:12:44.154Z GET /API/users/ps0TDbywDlfhYNqOxTt0QjVBLlq1 404 250 - 11.730 ms
2022-05-11T21:36:10.871Z GET /API/quizzes/join 404 250 - 5.852 ms
2022-05-11T21:36:19.941Z GET /API/quizzes/join 404 250 - 3.321 ms
2022-05-11T20:13:22.902Z POST /API/users/ps0TDbywDlfhYNqOxTt0QjVBLlq1 404 250 - 3.122 ms
2022-05-11T20:14:22.355Z GET /API/users/ps0TDbywDlfhYNqOxTt0QjVBLlq1 500 250 - 2.801 ms
2022-05-11T21:36:10.871Z GET /API/quizzes/join 404 250 - 5.953 ms
2022-05-12T21:36:10.891Z GET /API/quizzes/create 400 250 - 4.236 ms
2022-05-12T20:12:44.254Z GET /API/users/ps0TDbywDlfhYNqOxTt0QjVBLlq1 404 250 - 13.720 ms
2022-05-12T21:36:10.811Z GET /API/quizzes/join 404 250 - 5.852 ms
2022-05-12T21:36:19.951Z GET /API/quizzes/create 500 250 - 3.521 ms
2022-05-12T20:13:22.972Z POST /API/users/ps0TDbywylfhYNqOxTt0QjVBLlq1 500 250 - 3.122 ms
2022-05-12T20:14:22.315Z GET /API/users/ps0TDbywDlfhYNqbxTt0QjVBLlq1 500 250 - 2.801 ms
2022-05-12T21:36:10.871Z GET /API/quizzes/create 404 250 - 5.953 ms

